<?xml version="1.0" encoding="UTF-8"?>
<!-- Generated by org.testng.reporters.JUnitReportReporter -->
<testsuite hostname="DESKTOP-IVHRL9V" failures="0" tests="1" name="com.Testcases.VerifyPlace_Order_001" time="6.593" errors="0" timestamp="2024-06-28T09:13:52 IST" skipped="0">
  <testcase classname="com.Testcases.VerifyPlace_Order_001" name="VerifyTest001xyz" time="6.593"/>
</testsuite> <!-- com.Testcases.VerifyPlace_Order_001 -->
